*** Using Compiler 'V5.06 update 7 (build 960)', folder: 'C:\Keil\ARM\ARMCC\Bin'
Build target 'STM32F411RCT6_FreeRTOS'
compiling bsp_i2c.c...
compiling bsp_w25qxx.c...
compiling bsp_f411_beep.c...
compiling bsp_rtc.c...
compiling bsp_f411_usart.c...
compiling bsp_at24cxx.c...
compiling bsp_f411_led.c...
compiling bsp_delay_tim.c...
compiling spi.c...
compiling rtc.c...
compiling freertos.c...
compiling main.c...
compiling tim.c...
compiling gpio.c...
compiling stm32f4xx_it.c...
compiling stm32f4xx_hal_msp.c...
compiling usb_otg.c...
compiling usart.c...
linking...
Program Size: Code=11584 RO-data=604 RW-data=172 ZI-data=18844  
FromELF: creating hex file...
"STM32F411RCT6_FreeRTOS\STM32F411RCT6_FreeRTOS.axf" - 0 Error(s), 0 Warning(s).
Build Time Elapsed:  00:00:15
